<?xml version="1.0" encoding="UTF-8"?>
<!-- Generated by org.testng.reporters.JUnitXMLReporter -->
<testsuite ignored="0" hostname="Ammars-Air.fios-router.home" failures="0" tests="9" name="Default test" time="6.845" errors="0" timestamp="2022-12-28T21:35:14 EST">
  <testcase classname="test.PetStoreApiTest" name="chainValidation" time="3.548"/>
  <testcase classname="test.PetStoreApiTest" name="createCatWithJsonFile" time="0.222"/>
  <testcase classname="test.PetStoreApiTest" name="invalidIdupdateCat" time="0.398"/>
  <testcase classname="test.PetStoreApiTest" name="postACat" time="0.203"/>
  <testcase classname="test.PetStoreApiTest" name="postAPet" time="0.249"/>
  <testcase classname="test.PetStoreApiTest" name="findByStatus" time="0.173"/>
  <testcase classname="test.PetStoreApiTest" name="getPetById" time="0.165"/>
  <testcase classname="test.PetStoreApiTest" name="updateCat" time="0.301"/>
  <testcase classname="test.PetStoreApiTest" name="getByID" time="0.431"/>
</testsuite> <!-- Default test -->
