<?xml version="1.0" encoding="UTF-8"?>
<!-- Generated by org.testng.reporters.JUnitXMLReporter -->
<testsuite ignored="0" hostname="Ammars-Air.fios-router.home" failures="0" tests="9" name="Default test" time="9.556" errors="0" timestamp="2022-12-21T13:39:30 EST">
  <testcase classname="test.PetStoreApiTest" name="chainValidation" time="5.495"/>
  <testcase classname="test.PetStoreApiTest" name="createCatWithJsonFile" time="0.253"/>
  <testcase classname="test.PetStoreApiTest" name="invalidIdupdateCat" time="0.275"/>
  <testcase classname="test.PetStoreApiTest" name="postACat" time="0.284"/>
  <testcase classname="test.PetStoreApiTest" name="postAPet" time="0.336"/>
  <testcase classname="test.PetStoreApiTest" name="findByStatus" time="0.207"/>
  <testcase classname="test.PetStoreApiTest" name="getPetById" time="0.146"/>
  <testcase classname="test.PetStoreApiTest" name="updateCat" time="0.17"/>
  <testcase classname="test.PetStoreApiTest" name="getByID" time="0.38"/>
</testsuite> <!-- Default test -->
