<?xml version="1.0" encoding="UTF-8"?>
<testng-results ignored="0" total="9" passed="9" failed="0" skipped="0">
  <reporter-output>
  </reporter-output>
  <suite started-at="2022-12-28T21:35:08 EST" name="Default suite" finished-at="2022-12-28T21:35:14 EST" duration-ms="6845">
    <groups>
    </groups>
    <test started-at="2022-12-28T21:35:08 EST" name="Default test" finished-at="2022-12-28T21:35:14 EST" duration-ms="6845">
      <class name="test.PetStoreApiTest">
        <test-method is-config="true" signature="setup()[pri:0, instance:test.PetStoreApiTest@5276e6b0]" started-at="2022-12-28T21:35:08 EST" name="setup" finished-at="2022-12-28T21:35:08 EST" duration-ms="717" status="PASS">
          <reporter-output>
          </reporter-output>
        </test-method> <!-- setup -->
        <test-method signature="chainValidation()[pri:0, instance:test.PetStoreApiTest@5276e6b0]" started-at="2022-12-28T21:35:08 EST" name="chainValidation" finished-at="2022-12-28T21:35:12 EST" duration-ms="3548" status="PASS">
          <reporter-output>
          </reporter-output>
        </test-method> <!-- chainValidation -->
        <test-method signature="createCatWithJsonFile()[pri:0, instance:test.PetStoreApiTest@5276e6b0]" started-at="2022-12-28T21:35:12 EST" name="createCatWithJsonFile" finished-at="2022-12-28T21:35:12 EST" duration-ms="222" status="PASS">
          <reporter-output>
          </reporter-output>
        </test-method> <!-- createCatWithJsonFile -->
        <test-method signature="invalidIdupdateCat()[pri:0, instance:test.PetStoreApiTest@5276e6b0]" started-at="2022-12-28T21:35:12 EST" name="invalidIdupdateCat" finished-at="2022-12-28T21:35:12 EST" duration-ms="398" status="PASS">
          <reporter-output>
          </reporter-output>
        </test-method> <!-- invalidIdupdateCat -->
        <test-method signature="postACat()[pri:0, instance:test.PetStoreApiTest@5276e6b0]" started-at="2022-12-28T21:35:12 EST" name="postACat" finished-at="2022-12-28T21:35:13 EST" duration-ms="203" status="PASS">
          <reporter-output>
          </reporter-output>
        </test-method> <!-- postACat -->
        <test-method signature="postAPet()[pri:0, instance:test.PetStoreApiTest@5276e6b0]" started-at="2022-12-28T21:35:13 EST" name="postAPet" finished-at="2022-12-28T21:35:13 EST" duration-ms="249" status="PASS">
          <reporter-output>
          </reporter-output>
        </test-method> <!-- postAPet -->
        <test-method signature="findByStatus()[pri:0, instance:test.PetStoreApiTest@5276e6b0]" started-at="2022-12-28T21:35:13 EST" name="findByStatus" finished-at="2022-12-28T21:35:13 EST" duration-ms="173" status="PASS">
          <reporter-output>
          </reporter-output>
        </test-method> <!-- findByStatus -->
        <test-method signature="getPetById()[pri:0, instance:test.PetStoreApiTest@5276e6b0]" started-at="2022-12-28T21:35:13 EST" name="getPetById" finished-at="2022-12-28T21:35:13 EST" depends-on-methods="test.PetStoreApiTest.postAPet" duration-ms="165" status="PASS">
          <reporter-output>
          </reporter-output>
        </test-method> <!-- getPetById -->
        <test-method signature="updateCat()[pri:0, instance:test.PetStoreApiTest@5276e6b0]" started-at="2022-12-28T21:35:13 EST" name="updateCat" finished-at="2022-12-28T21:35:14 EST" depends-on-methods="test.PetStoreApiTest.postACat" duration-ms="301" status="PASS">
          <reporter-output>
          </reporter-output>
        </test-method> <!-- updateCat -->
        <test-method signature="getByID()[pri:0, instance:test.PetStoreApiTest@5276e6b0]" started-at="2022-12-28T21:35:14 EST" name="getByID" finished-at="2022-12-28T21:35:14 EST" depends-on-methods="test.PetStoreApiTest.postACat, test.PetStoreApiTest.updateCat" duration-ms="431" status="PASS">
          <reporter-output>
          </reporter-output>
        </test-method> <!-- getByID -->
        <test-method is-config="true" signature="cleanup()[pri:0, instance:test.PetStoreApiTest@5276e6b0]" started-at="2022-12-28T21:35:14 EST" name="cleanup" finished-at="2022-12-28T21:35:14 EST" duration-ms="311" status="PASS">
          <reporter-output>
          </reporter-output>
        </test-method> <!-- cleanup -->
      </class> <!-- test.PetStoreApiTest -->
    </test> <!-- Default test -->
  </suite> <!-- Default suite -->
</testng-results>
